
--- 2025-05-17T09:42:07.293Z ---
To deploy this solution, here is a stepwise approach:

1) Setting Up Web Scraping Tools

Firstly, to gather market data, you will need to set up web scraping tools. One of the most popular ones is Scrapy, a Python framework. You may also use BeautifulSoup, a Python library, or Puppeteer for Node.js users. Once this is first set, you can start gathering data from your competitor's websites and other online resources.

2) Analyzing Data 

The next step is to analyze the market data that you have acquired. Machine learning tools like TensorFlow or PyTorch can be set up for this purpose - they will process your data and identify the main keywords, products, services offered, and customer reviews. Further, natural language processing algorithms can be used to analyze and extract meaningful trends from the text data.

3) Name Generation

In this phase, you will have to use generative algorithms for naming. Tools like Namesmith could be used, or you can write a custom algorithm using a corpus of words associated with your brand and a set of mixing-rules. In Python, you can use libraries like NLTK or spaCy.

4) Checking Availability

Once the names are generated, they must be checked for availability. For this, web scrapers can be run on various domain registries like GoDaddy, Name.com, etc., to check whether a domain name with the generated name already exists. 

5) Deployment

After the steps are followed, ensure that you streamline your sequence of operations. Make sure each step can be triggered once the previous one ends. Automation tools like Jenkins or Bamboo would be needed for this process. They help in orchestrating the entire build and delivering the process with precision.

6) Review and Feedback Incorporation

Although not part of the automation, it is essential to involve relevant stakeholders at this point. They will review the brand names generated, select them, feedback on the process, and finalize the name and logo design. 

7) Legal Protection

Once a name is finalized, make sure to work closely with your legal team to ensure trademark registration and domain purchase. 

Keep in mind that most parts of this operation require a significant amount of programming knowledge, especially in Python, and a basic understanding of Machine Learning. 

The automation process makes the brand development process quicker, and significantly more efficient by helping analyze competitor data, generating brand names, and checking the availability of those names. Although the process has been automated, it is important to include the human touch in the process for the brand to connect with its audience. Branding professionals should be involved in finalizing and vetting the brand name and identity.

--- 2025-05-17T09:42:40.209Z ---
Apologies for the confusion earlier. I'd like to clarify that as an AI operations entity, I'm proficient in providing guidance on software deployment and its related tasks. Without further ado, here's a generic outline on how to deploy a software application:

1. **Preparation**: This is the first stage that includes creating the pre-deployment plan, outlining tasks, documenting the process, and ensuring all requisite system configurations are ready. Depending on the application, you may need to set up servers, databases, and other necessary infrastructure. 

2. **Testing**: Conduct thorough testing of the software in a controlled environment before pushing it to production. This involves unit testing, integration testing, and user acceptance testing. Ensure the software performs as expected under different scenarios, using different data sets.

3. **Packaging**: Once the software has passed the testing phase, it is packaged for deployment. This might require containerizing software with platforms like Docker or setting up a continuous integration/continuous deployment pipeline with tools like Jenkins or Travis CI.

4. **Deployment**: Deploy the software onto the live environment. This could be done manually, but it is commonly executed through automated processes (like CI/CD pipelines). You could use Infrastructure as Code (IaC) tools, such as Ansible, Terraform, or Chef.

5. **Post-deployment testing and monitoring**: Once the software is deployed, perform another round of testing in the live environment to ensure everything works as expected. Keep a focus on the software's performance, uptime, and functionality by using Application Performance Monitoring (APM) tools.

6. **Rollback plan**: Always have a rollback plan in case things don't go as planned after the deployment. 

7. **Maintenance and updates**: Software deployment is not a one-time activity. It requires regular updates and maintenance based on bug reports, user feedback, and new feature requests.
   
Please keep in mind this is a generic process, the actual steps can change based on the application to be deployed, the chosen technology, and the system for deployment. If you provide more details, I can give a more specific sequence of operations.

--- 2025-05-17T09:43:15.942Z ---
Deployment Steps:

1. Planning: The first step is to plan the structure or layout of the landing page, making sure it is responsive in design and will work optimally on all devices from mobiles to large desktop screens. Identify the key elements you need on the page such as headers, text, images, forms, and calls to action.

2. Designing: Use design and prototyping tools (Sketch, Figma, Adobe XD) to design the user interface of the landing page. This is a crucial step and should be done in consultation with the client to ensure it meets their needs.

3. Coding: Codes are written using a Text Editor such as Sublime Text, Atom or Visual Studio Code. Implement the design using a frontend framework of your choice (ReactJS, AngularJS, or Vue.JS) according to the design prototypes.

4. Backend: Setup the backend server using NodeJS, Django, Flask, etc. Develop the necessary APIs, server-side logic, and prepare the database (MySQL, PostgreSQL, MongoDB) to manage and store data from your landing page.

5. Version Control: Important changes and iterations are tracked using a Version Control System like Git. This facilitates easy collaboration among team members and rollback to previous versions in case of bugs or issues.

6. Testing: Run unit, integration, and systems tests to ensure all functionalities work correctly. Check on various devices and browsers to ensure the page is truly responsive.

7. SEO Optimization: Use SEO tools like Google Analytics, Ahrefs, or SEMrush for search engine optimization to ensure the page can be easily discovered by your target audience.

8. Deployment: Once the landing page meets all the criteria, it is deployed on the server using cloud platforms like AWS, Google Cloud, or Azure.

9. Post-Deployment Monitoring: Use project management tools such as Trello, Jira, or Asana to track any post-deployment issues and to manage future updates or improvements.

10. Scalability: To ensure the design is scalable, follow modular programming practices. Use microservices for-backend operations, incorporate a load balancer to distribute traffic, and make use of cloud services that can easily be scaled up or down depending on traffic.

By following these steps, the landing page will be responsive, scalable, and ready to meet the needs of your growing business.

--- 2025-05-17T09:43:45.017Z ---
Deployment Plan: 

11. Code Review & Refactoring: 
   - Use tools like Crucible, Review Board or GitHub pull requests for the code review process. Allocate specific time for the review process in the development cycle.
   - Refactor the code. This is a collective effort as it’s executed by developers who work on the code. 
   - After each change, run unit and integration tests to ensure nothing is broken.

12. Security Measures: 
   - Install SSL certificates for secure data transfer. 
   - Implement a Web Application Firewall.
   - Regularly install patches and updates.

13. Browser Compatibility: 
   - Use cross-browser testing tools such as BrowserStack or CrossBrowserTesting. 
   - Adjust code and design in case of discrepancies and issues.

14. Accessibility Compliance: 
   - Use accessibility testing tools such as WAVE or Google's Lighthouse.
   - Implement ARIA roles, strong color contrast and keyboard usability.

15. Maintenance & Troubleshooting: 
   - Use monitoring tools to alert any issues.
   - Routinely perform manual or automated testing.

16. Version Control: 
   - Use Git for version control.
   - Maintain separate branches for development, testing, and production environments.

17. Documentation: 
   - Document every change, reason, and outcome in a shared folder.
   - Leverage tools like Confluence or Google Docs to maintain thorough and updated documentation.

18. Training: 
   - Organize training sessions for the client for the backend software.
   - Preparation of user manuals and video tutorials could also facilitate the learning process.

19. Regular Updates: 
   - Work out a regular update schedule with the development team, which could be every sprint, for continuous adaptation.
   - Keep track of the latest technology updates and SEO optimization strategies.

20. Feedback Collection: 
   - Implant a 'Feedback' button on the landing page. 
   - Use Google Forms or SurveyMonkey to collect data. 
   - Regularly analyze this data and implement the feedback provided to improve user experience.

--- 2025-05-17T09:44:25.926Z ---
The given explanation describes the process to convert a signup strategy into code perfectly. Here's how you can deploy it:

1. **Environment Setup:**  

   Before starting the deployment process, you need to ensure that all the necessary elements are installed and correctly set up on your system. This includes the server-side language (for example, Node.js), a web browser to view and test your forms, and a text editor for writing and modifying your code.

2. **Create files for HTML, CSS, and JavaScript:** 

   Create separate files for your HTML, CSS, and JavaScript code, making sure to link them properly. Your HTML file will be where you structure your signup flow, the CSS file is for styling and designing your forms, and the JavaScript file is where you will be adding your program's logic.

3. **Implement the Signup Flow Elements:**

    Using the HTML code for the signup form mentioned in the explanation, build your signup form ensuring you have all the necessary fields.

4. **Define the Style and Design:**

   Using CSS, design your form to enhance the user experience. This would include things like selecting the color scheme, font style, and placement of different elements on the page.

5. **Define the Logic and Interactivity:**

   Implement the JavaScript code for the signup form. This includes adding functionality for validating user inputs, initiating requests to the server, and handling responses. Use the provided function to validate the email format.

6. **Setup Server and Database:**

   Use the server-side language to process the signup requests and interact with the backend database. Ensure you hash the passwords before storing them for user security.

7. **Test:**

   Test the signup flow thoroughly using different test cases. Make sure validation works correctly and the UX is smooth.

8. **Deploy:**

   Finally, deploy your signup form on your server. This could be your local machine, for testing purposes, or a production server if your process is complete.

Remember to review your application frequently, conduct user testing, and update your designs or functionalities as required.

--- 2025-05-17T09:53:59.880Z ---
Here are the steps that can be used to deploy the software for handling the branding and marketing tasks:

Step 1: Gathering Requirements. 
The process begins by understanding the requirements. Know which processes are required to be automated such as brainstorming and ideation, conducting name searches, market testing, or brand launching.

Step 2: Designing the Software. 
After knowing the requirements, the next phase involves designing the software. This will include blueprinting how the software will operate, how users will interact with it and how it can meet the defined requirements.

Step 3: Developing the Software. 
After designing the software, the development process commences. Using technology stack that meets the requirement, the software is developed.

Step 4: Testing the Software. 
Before the deployment, the software is tested to detect any bugs or flaws. It goes through rigorous testing process to ensure it meets clients' requirements and there are no technical glitches.

Step 5: Deploying the Software. 
Once the software has passed testing phase, it's ready to be deployed. The software could be deployed using continuous integration and continuous delivery (CI/CD) pipeline for automation.

Step 6: Training the Team. 
After the software has been deployed, the next step would be to train the users on how to use the software. This will involve hosting several training sessions and providing documentation to assist users.

Step 7: Maintenance & Updates. 
Even after deployment, the software requires regular maintenance to fix bugs or address issues that might arise. Similarly, if there are any additional features to be included, updates are made.

Please provide more detailed and specific needs for your software supplement, so that I can provide you with more detailed solutions.

It should be noted that depending on the exact requirements and specific details, the above steps may vary. The architecture of the software may affect the deployment process. Understanding the requirements clearly is vitally important for the success of the deployment.

--- 2025-05-17T09:54:32.498Z ---
It appears there may be confusion with your request. Given you want a deployment, I will describe how to deploy a web application, since your role is of a senior software engineer.

Deployment of a web application typically involves the following steps:

1. **Code Update/Version Control**: The latest version of the application's code should be pulled from the version control system (like git) where it's hosted.

2. **Build**: The application is then built according to the instructions written in the codebase. For certain languages like Java or C++, this will involve compiling the code. For others like Python or JavaScript, this might include installing dependencies.

3. **Testing**: Prior to the deployment, it's crucial to run unit tests and integration tests to confirm that there are no bugs or inconsistencies. 

4. **Create Deployment Package**: Once the application passes the tests, you can convert it into a deployment package that's suitable for running in the deployment environment.

5. **Upload Deploy Package to the Server**: The deployment package should then be uploaded to the server where the application will be hosted. This could be a local server, a cloud-based server, or a platform-as-a-service (PaaS) depending on the requirements of the project.

6. **Configure the Environment**: The deployment environment may also need to be configured. This can include setting environment variables, adjusting server settings, network settings, and more. 

7. **Application Deployment**: Run the deployment package on the server and start the application.

8. **Verification**: Once deployed, verify if the app runs as expected. This can be done through smoke testing, where the basic functionalities of the app are tested.

9. **Monitoring**: Post-deployment, it's important to monitor the application to catch and address possible errors that were not apparent during the pre-deployment testing.

These steps above have been generalized and can vary based on specific languages/frameworks your team is using. Tools like Jenkins, Docker, Kubernetes, etc., are commonly used to automate many of these steps making them manageable and efficient.

--- 2025-05-17T09:55:02.758Z ---
10. Quality Assurance Deployment: 
Create a well-structured Quality Assurance (QA) plan, which primarily includes several stages of testing. First, conduct unit testing by developers to ensure every component of the landing page is working correctly. Once unit testing is done, commence integration testing to ensure that all components work well when integrated. You should then perform system testing to evaluate that the system meets the specified requirements. Finally, user acceptance testing should be done to ensure it meets user expectations. At each testing phase, any identified issues should be fixed promptly and retested to ensure correctness. Tools like Selenium, JIRA, and TestRail can be used for testing and issue tracking.

11. Configuration Management Deployment: 
Deploy a version control system like GitHub or Azure DevOps for source code management. Each change should be committed with a clear description of the modification, the author, and the time. Before merging any changes to the central branch, peer reviews should be performed. For maintaining the stability of the software, consider implementing a Continuous Integration/Continuous Deployment (CI/CD) pipeline which automatically builds, tests, and deploys the software whenever changes are pushed to the repository. 

12. Backup and Recovery Deployment: 
Deploy a backup and recovery solution. For example, using cloud services like AWS S3 or Google Cloud Storage allows for versioned storage, which can retain previous versions of files for set periods. Also, establish an automatic backup strategy either daily or weekly depending on your needs. Ensure a recovery process is also in place which provides the capabilities to restore data to any point of time using snapshot technologies.

13. Security Audit Deployment: 
Use a security testing tool like OWASP ZAP to perform regular security audits. Routinely conduct vulnerability scans, penetration tests, and code reviews to identify and rectify any security issues. Also, for secure coding practices, train your development team in OWASP Top Ten Web Application Security Risks and have them follow the given guidelines. 

Additionally, perform regular system updates and patch installations to ensure system resilience against new security threats. Following the principle of least privilege is a good practice for reducing potential damage if an account is compromised. 

Finally, enable central logging using tools like Splunk or DataDog to monitor security logs and detect potential security threats.

--- 2025-05-17T09:55:31.364Z ---
Certainly! As an Operations AI, my main functions revolve around executing tasks, logistics coordination, and ensuring smooth operations for the entire process. Here's an overview, based on your roles and responsibilities as a senior software engineer:

1. Project Planning: This includes the creation of project roadmap and timelines after reviewing the detailed description of the project. This plan would also incorporate development sprints and milestones.

2. Resource allocation: Identifying and allocating necessary resources, from software to hardware and even human resources where applicable. tools and technologies like HTML/CSS/JavaScript, React, Angular, Node.js or Python would be a part of this.

3. Task allocation: Based on the skills and expertise of the development team, assigning tasks to ensure optimal productivity. 

4. Workflow Management: Regular checks to ensure coding, testing, and deployment are on track. If any issues arise, coming up with solutions or alternatives to keep the project timeline intact.

5. Quality Assurance: This involves setting up automated systems for running unit tests, integration tests, and performing regular code reviews to ensure the quality of the codebase. 

6. Version Control: Implement a system like Git for tracking changes and maintaining a history of previous versions of the project.

7. Deployment Management: Coordinating the deployment of the landing page to the server or hosting platform in a way that minimizes downtime and ensures optimal performance.

8. Analytics Integration: Assisting in the integration of analytics tracking codes (e.g. Google Analytics) and setting up dashboards to monitor performance.

9. Ongoing Monitoring and Improvements: Post deployment, regularly monitor the performance of the site and make recommendations for improvements based on user behavior data.

10. Cross-function Communication: Facilitating communication between different teams like designers, copywriters, SEO and digital marketing teams to ensure they are in sync and working towards the common goal. 

The end goal is to ensure a lean process with minimal potential for downtime or errors, while maintaining open communication channels so everyone stays informed of project updates.

--- 2025-05-17T09:56:06.130Z ---
Deployment of the Steps: 

Step 11: Maintenance: 

1. Set up a regular maintenance schedule: This includes patching up security vulnerabilities, updating system software, debugging code, and performing system upgrades.
2. Leverage maintenance tools: Numerous software tools facilitate automated system updates and maintenance.

Step 12: Enrichment:

1. Implement additional security layers like multi-factor authentication.
2. Consider user-friendly enhancements like social media account linking or customization options.
3. Always review the impact of these enhancements on the overall signup flow and user experience.

Step 13: Scalability:

1. Make use of scalable databases: For instance, non-relational databases like NoSQL provide high scalability.
2. Implement regular performance optimization: This includes code optimization, database query optimization, and server hardware upgrades.

Step 14: Compliance:

1. Regularly audit the system to ensure compliance with data privacy regulations.
2. Stay updated on any changes in relevant legislation and promptly implement any necessary changes to maintain compliance.
   
Step 15: Coordination:

1. Regular team meetings: This ensures that everyone is aligned with the project's goals and objectives.
2. Use project management tools: Software like Jira, Trello, and Asana facilitate task tracking and team coordination.

Step 16: Documentation:

1. Document each phase of the signup flow: From the design to the code, to how each function works.
2. Maintain a repository for project documentation: This can be something like a shared drive or a tool like Confluence.

Step 17: User Feedback:

1. Surveys, feedback forms, and user interviews can be used to gather user feedback.
2. Incorporate user feedback and suggestions into future updates and improvements.

Step 18: Continuous Learning:

1. Participate in professional development: Online classes, seminars, workshops, and other learning opportunities can help stay updated with the latest trends and advancements in the field.
2. Join communities and forums specific to web development to learn from peers and industry experts.

In this way, building and optimizing the signup process is a time-inclusive, data-driven, iterative and collaborative process committed to user satisfaction, system security, and avowing any breach of data privacy.
