
--- 2025-05-17T09:41:43.312Z ---
Here are the steps you need to follow in order to create a brand name and design a logo:

Step 1: Research 
Conduct thorough market and customer research. Understand what your competitors are doing, the nature of your target audience, and what they resonate with.

Step 2: Define your Brand Identity
Identify your brand's unique selling point (USP), understanding your business mission, vision, and values. Define your brand's personality - is it modern, traditional, playful or serious?

Step 3: Brainstorm 
Gather a team for a brainstorming session. Come up with as many name ideas as possible. Make sure they align with your brand identity, are eye-catching and unique.

Step 4: Screen the Names
After brainstorming, sort the list down to the most appropriate names that reflect your brand identity, are easy to pronounce, remember, and describe what your business does.

Step 5: Check Availability 
Ensure your desired brand name isn't already in use or copyrighted. Do a thorough search on domain availability if you plan to set up a website. 

Step 6: Finalize the Brand Name
Choose the brand name that resonates most with your business's mission, vision, and target audience. 

Step 7: Create Logo Concepts 
Based on your brand name and identity, brainstorm ideas for your logo. Think about the colors, typography, and symbols that best represent your brand.

Step 8: Sketch and Design
Either design the logo yourself using design software or hire a professional designer. Consider creating several variants for different mediums (e.g., website, business cards, social media). 

Step 9: Feedback and Revisions
Once you have some initial designs, get feedback from colleagues, friends, test groups, etc. Make revisions based on feedback received.

Step 10: Finalize Logo
After taking in all the feedback and making relevant changes, finalize your logo design.

Step 11: Protect your Brand
Consider trademarking your brand name and logo to protect it from unauthorized users. 

Each step will allow you to progress smoothly towards your goal. Take your time in each phase to ensure each element captures your brand's essence.

--- 2025-05-17T09:42:22.494Z ---
Approach:

Step 1: Research and Brainstorming: Start by conducting a thorough research on the project that the pitch deck is supposed to cover. This includes understanding the target audience, market trends, competition, and user needs. Also gather all the necessary data that supports your idea or project. Conduct brainstorming sessions for your pitch deck content.

Step 2: Define the Pitch Deck Structure: Define the structure of your pitch deck. Typical pitch decks consist of an introduction, a problem, a solution (your product/service), business model, marketing strategy, competition analysis, a team overview, financial projections, and a conclusion/call to action.

Step 3: Content Creation: Start creating content for each section of the pitch deck defined in step 2. Make sure the content is clear, concise and engaging. Use bullet points, infographics and visuals where needed to make the data and information easily digestible. 

Step 4: Designing the Pitch Deck: Choose a design theme that fits your company's brand. This includes color schemes, fonts and general aesthetic. Make sure that the design enhances the content, rather than distracts from it. Use high-quality images and limit the amount of text on each slide to ensure readability.

Step 5: Review and Revise: Review the content and design of your pitch deck. Check for any grammatical or factual errors, ensure all the information is consistent and clear, and that the design is effectively conveying the content. Revise as necessary.

Step 6: Practice the Presentation: A pitch deck is typically accompanied by a verbal presentation. Practice presenting the pitch deck to ensure you can convey each point effectively and engage your audience.

Step 7: Gather and Implement Feedback: Conduct a dry-run of your pitch deck presentation to a small and trusted group. Collect their feedback regarding the clarity, coherence, engagement and overall effectiveness of your presentation. Implement the feedback and make necessary adjustments.

Step 8: Finalize: After making all the necessary revisions and fine-tuning your content and design, finalize your pitch deck. 

Step 9: Deliver the Pitch Deck: Arrange a meeting with your target audience and deliver your prepared pitch deck. Be prepared for any questions or comments, and be confident and passionate about the work you're presenting.

--- 2025-05-17T09:42:55.454Z ---
Steps:

1. Market Research: Understand the target audience, their preferences, and their needs. Additionally, analyze competitors’ landing page designs to identify successful elements.

2. Define Objectives: Clearly define what you want your landing page to achieve. This could include increasing product awareness, capturing leads, or driving sales.

3. Design Conceptualization: Based on your research and objectives, brainstorm ideas and decide on the landing page layout, color scheme, typography, and other design elements. Pay special attention to user experience and ensure that the design is mobile-friendly. 

4. Content Preparation: Write clear, concise, and compelling copy that communicates your product/service and its benefits. 

5. User Interface Development: Convert your design into a functional interface. Make sure that all the buttons, links, forms, etc., work correctly.

6. Coding: Develop the backend to support the interface. Use HTML for the structure, CSS for the styling, and JavaScript for the functionality. 

7. Testing: Test your landing page on different devices (desktop, mobile, tablet) and browsers to ensure that it is fully responsive and compatible. Evaluate the loading speed and fix any slow-loading elements. Check all forms, buttons, and links to ensure they work correctly.

8. Revision: Based on the testing results, make necessary revisions. This step might require going back to your design, content, and code to tweak certain parts.

9. SEO Optimization: Include relevant keywords in the content, meta title, and descriptions. Make sure your landing page is optimized for search engines.

10. Launch: Once everything is tested, revised, and optimized, it's time to launch your landing page. 

11. Analyze Performance: Use data from Google Analytics or similar tools to track performance metrics. Monitor conversion rates, bounce rates, click-through rates, traffic sources, etc.

12. Improvement: Use these insights to make continual improvements. Conduct A/B testing to determine what works best.

Approach:

1. Collaborative: Work with a diverse team that includes a web designer, web developer, content writer, and SEO specialist. 

2. User-Centric: Ensure that you are designing with the end-user in mind.

3. Agile: Adapt an iterative approach which enables continuous improvements.

4. Data-Driven: Base your decisions on market research data and performance metrics.

--- 2025-05-17T09:43:24.629Z ---
1. Research and Analysis: Gain an understanding of the client's business, audience, goals and objectives for the landing page. Analyze the performance of any existing landing pages.

2. Content Planning: Write the main message, call to action, and craft content based on AIDA (Attention, Interest, Desire, Action) principles.

3. Design Mockups: Come up with two or three mockup design alternatives based on the content plan and get client feedback and approval.

4. Development: Convert the approved design into a functional landing page. Optimize it for load speed and mobile viewing.

5. SEO and Keywords: Identify keywords related to the business and integrate them into the page to optimize it for search engines.

6. Testing: Carry out split tests to compare different variations of the landing page. Measure conversion rates, bounce rates, time on page, etc.

7. Analytics Integration: Integrate Google Analytics or similar tools to track conversions, sources of traffic, user behavior, etc.

8. Deployment: After thorough testing, deploy the landing page live and monitor its performance.

9. Analysis and Optimization: Regularly analyze the landing page performance. Based on the data, optimize the landing page to increase its effectiveness.

10. Continual Improvement: Keep testing different elements, analyzing the effects, and create a landing page that maximizes the rate of conversion.

--- 2025-05-17T09:43:56.527Z ---
Here is the strategic approach to achieve the goal of writing the email signup flow:

Step 1: Understand the User Needs and Concerns
Start by understanding the users and their needs. What kind of interface does your target audience prefer? Research about their common habits, and concerns - especially related to privacy and data security to ensure your signup flow does not become a deterrent for them.

Step 2: Define the Signup Flow Elements
List out all the steps in the registration process from start to finish, which typically involves these steps:
   
   - Email input field
   - Password input field
   - Password confirmation field
   - Checkbox for acceptance of terms and conditions
   - Signup button
   - Link for existing users to sign in

Step 3: Wireframe the Signup Flow
Visually layout all the listed steps from step 2 using a wireframe tool. This will give a clear understanding of how the process will look and work.

Step 4: Define Interactions
Consider and define all possible user interactions for each element such as what happens when a user enters an invalid email, how password strength is indicated, what happens after signup button is pressed, etc.

Step 5: Writing the Copy
Ensure all instructions, error messages, button labels etc., are clear, concise, and friendly. Make sure to provide a clear message about data privacy and usage terms.

Step 6: Test the Signup Flow
Mockup the signup flow and run user tests. Collect feedback and adjust the design and copy based on the feedback.

Step 7: Implementation
Work with developers to implement the design. Ensure to use best coding practices for input validation and secure storage of user data.

Step 8: Review and Revise
After the implementation, review the complete process once again. If required do some A/B tests to validate against any assumptions made during the design process.

Always remember, your aim is to make the signup process as frictionless as possible for the end user.
